# JRE version: OpenJDK Runtime Environment (21.0.9+10) (build 21.0.9+10-Debian-1deb13u1)
# Java VM: OpenJDK 64-Bit Server VM (21.0.9+10-Debian-1deb13u1, mixed mode, sharing, tiered, compressed oops, compressed class ptrs, g1 gc, linux-aarch64)
GC Precious Log:
 CardTable entry size: 512
 Card Set container configuration: InlinePtr #cards 4 size 8 Array Of Cards #cards 16 size 48 Howl #buckets 8 coarsen threshold 3686 Howl Bitmap #cards 512 size 80 coarsen threshold 460 Card regions per heap region 1 cards per card region 4096
 CPUs: 4 total, 4 available
 Memory: 16214M
 Large Page Support: Disabled
 NUMA Support: Disabled
 Compressed Oops: Enabled (Zero based)
 Heap Region Size: 2M
 Heap Min Capacity: 8M
 Heap Initial Capacity: 256M
 Heap Max Capacity: 4056M
 Pre-touch: Disabled
 Parallel Workers: 4
 Concurrent Workers: 1
 Concurrent Refinement Workers: 4
 Periodic GC: Disabled
Heap:
 garbage-first heap   total 49152K, used 22336K [0x0000000702800000, 0x0000000800000000)
  region size 2048K, 4 young (8192K), 2 survivors (4096K)
 Metaspace       used 76712K, committed 77376K, reserved 1179648K
  class space    used 7045K, committed 7360K, reserved 1048576K
GC Heap History (20 events):
Event: 1.317 GC heap before
{Heap before GC invocations=2 (full 0):
 garbage-first heap   total 264192K, used 33006K [0x0000000702800000, 0x0000000800000000)
  region size 2048K, 16 young (32768K), 1 survivors (2048K)
 Metaspace       used 11877K, committed 12096K, reserved 1114112K
  class space    used 1439K, committed 1536K, reserved 1048576K
}
Event: 1.323 GC heap after
{Heap after GC invocations=3 (full 0):
 garbage-first heap   total 264192K, used 6567K [0x0000000702800000, 0x0000000800000000)
  region size 2048K, 2 young (4096K), 2 survivors (4096K)
 Metaspace       used 11877K, committed 12096K, reserved 1114112K
  class space    used 1439K, committed 1536K, reserved 1048576K
}
Event: 2.500 GC heap before
{Heap before GC invocations=3 (full 0):
 garbage-first heap   total 264192K, used 61863K [0x0000000702800000, 0x0000000800000000)
  region size 2048K, 31 young (63488K), 2 survivors (4096K)
 Metaspace       used 21266K, committed 21504K, reserved 1114112K
  class space    used 2136K, committed 2240K, reserved 1048576K
}
Event: 2.508 GC heap after
{Heap after GC invocations=4 (full 0):
 garbage-first heap   total 264192K, used 11203K [0x0000000702800000, 0x0000000800000000)
  region size 2048K, 4 young (8192K), 4 survivors (8192K)
 Metaspace       used 21266K, committed 21504K, reserved 1114112K
  class space    used 2136K, committed 2240K, reserved 1048576K
}
Event: 3.252 GC heap before
{Heap before GC invocations=5 (full 0):
 garbage-first heap   total 49152K, used 31683K [0x0000000702800000, 0x0000000800000000)
  region size 2048K, 14 young (28672K), 4 survivors (8192K)
 Metaspace       used 33890K, committed 34240K, reserved 1114112K
  class space    used 3038K, committed 3200K, reserved 1048576K
}
Event: 3.261 GC heap after
{Heap after GC invocations=6 (full 0):
 garbage-first heap   total 49152K, used 12435K [0x0000000702800000, 0x0000000800000000)
  region size 2048K, 1 young (2048K), 1 survivors (2048K)
 Metaspace       used 33890K, committed 34240K, reserved 1114112K
  class space    used 3038K, committed 3200K, reserved 1048576K
}
Event: 3.470 GC heap before
{Heap before GC invocations=6 (full 0):
 garbage-first heap   total 49152K, used 14483K [0x0000000702800000, 0x0000000800000000)
  region size 2048K, 4 young (8192K), 1 survivors (2048K)
 Metaspace       used 36075K, committed 36416K, reserved 1114112K
  class space    used 3288K, committed 3456K, reserved 1048576K
}
Event: 3.475 GC heap after
{Heap after GC invocations=7 (full 0):
 garbage-first heap   total 155648K, used 12711K [0x0000000702800000, 0x0000000800000000)
  region size 2048K, 1 young (2048K), 1 survivors (2048K)
 Metaspace       used 36075K, committed 36416K, reserved 1114112K
  class space    used 3288K, committed 3456K, reserved 1048576K
}
Event: 3.485 GC heap before
{Heap before GC invocations=7 (full 0):
 garbage-first heap   total 155648K, used 12711K [0x0000000702800000, 0x0000000800000000)
  region size 2048K, 2 young (4096K), 1 survivors (2048K)
 Metaspace       used 36357K, committed 36736K, reserved 1114112K
  class space    used 3314K, committed 3520K, reserved 1048576K
}
Event: 3.487 GC heap after
{Heap after GC invocations=8 (full 0):
 garbage-first heap   total 155648K, used 12543K [0x0000000702800000, 0x0000000800000000)
  region size 2048K, 1 young (2048K), 1 survivors (2048K)
 Metaspace       used 36357K, committed 36736K, reserved 1114112K
  class space    used 3314K, committed 3520K, reserved 1048576K
}
Event: 4.200 GC heap before
{Heap before GC invocations=9 (full 0):
 garbage-first heap   total 49152K, used 39167K [0x0000000702800000, 0x0000000800000000)
  region size 2048K, 14 young (28672K), 1 survivors (2048K)
 Metaspace       used 44225K, committed 44736K, reserved 1114112K
  class space    used 4246K, committed 4416K, reserved 1048576K
}
Event: 4.212 GC heap after
{Heap after GC invocations=10 (full 0):
 garbage-first heap   total 49152K, used 14057K [0x0000000702800000, 0x0000000800000000)
  region size 2048K, 2 young (4096K), 2 survivors (4096K)
 Metaspace       used 44225K, committed 44736K, reserved 1114112K
  class space    used 4246K, committed 4416K, reserved 1048576K
}
Event: 8.944 GC heap before
{Heap before GC invocations=10 (full 0):
 garbage-first heap   total 49152K, used 38633K [0x0000000702800000, 0x0000000800000000)
  region size 2048K, 14 young (28672K), 2 survivors (4096K)
 Metaspace       used 45837K, committed 46336K, reserved 1114112K
  class space    used 4376K, committed 4608K, reserved 1048576K
}
Event: 8.952 GC heap after
{Heap after GC invocations=11 (full 0):
 garbage-first heap   total 49152K, used 14586K [0x0000000702800000, 0x0000000800000000)
  region size 2048K, 2 young (4096K), 2 survivors (4096K)
 Metaspace       used 45837K, committed 46336K, reserved 1114112K
  class space    used 4376K, committed 4608K, reserved 1048576K
}
Event: 9.504 GC heap before
{Heap before GC invocations=11 (full 0):
 garbage-first heap   total 49152K, used 37114K [0x0000000702800000, 0x0000000800000000)
  region size 2048K, 14 young (28672K), 2 survivors (4096K)
 Metaspace       used 57189K, committed 57792K, reserved 1114112K
  class space    used 4972K, committed 5248K, reserved 1048576K
}
Event: 9.514 GC heap after
{Heap after GC invocations=12 (full 0):
 garbage-first heap   total 49152K, used 16324K [0x0000000702800000, 0x0000000800000000)
  region size 2048K, 2 young (4096K), 2 survivors (4096K)
 Metaspace       used 57189K, committed 57792K, reserved 1114112K
  class space    used 4972K, committed 5248K, reserved 1048576K
}
Event: 9.719 GC heap before
{Heap before GC invocations=12 (full 0):
 garbage-first heap   total 49152K, used 28612K [0x0000000702800000, 0x0000000800000000)
  region size 2048K, 9 young (18432K), 2 survivors (4096K)
 Metaspace       used 61764K, committed 62336K, reserved 1114112K
  class space    used 5482K, committed 5696K, reserved 1048576K
}
Event: 9.723 GC heap after
{Heap after GC invocations=13 (full 0):
 garbage-first heap   total 49152K, used 17164K [0x0000000702800000, 0x0000000800000000)
  region size 2048K, 2 young (4096K), 2 survivors (4096K)
 Metaspace       used 61764K, committed 62336K, reserved 1114112K
  class space    used 5482K, committed 5696K, reserved 1048576K
}
Event: 22.504 GC heap before
{Heap before GC invocations=14 (full 0):
 garbage-first heap   total 49152K, used 39692K [0x0000000702800000, 0x0000000800000000)
  region size 2048K, 13 young (26624K), 2 survivors (4096K)
 Metaspace       used 75559K, committed 76288K, reserved 1179648K
  class space    used 6906K, committed 7232K, reserved 1048576K
}
Event: 22.512 GC heap after
{Heap after GC invocations=15 (full 0):
 garbage-first heap   total 49152K, used 20288K [0x0000000702800000, 0x0000000800000000)
  region size 2048K, 2 young (4096K), 2 survivors (4096K)
 Metaspace       used 75559K, committed 76288K, reserved 1179648K
  class space    used 6906K, committed 7232K, reserved 1048576K
}

