# JRE version: OpenJDK Runtime Environment (21.0.9+10) (build 21.0.9+10-Debian-1deb13u1)
# Java VM: OpenJDK 64-Bit Server VM (21.0.9+10-Debian-1deb13u1, mixed mode, sharing, tiered, compressed oops, compressed class ptrs, g1 gc, linux-aarch64)
GC Precious Log:
 CardTable entry size: 512
 Card Set container configuration: InlinePtr #cards 4 size 8 Array Of Cards #cards 16 size 48 Howl #buckets 8 coarsen threshold 3686 Howl Bitmap #cards 512 size 80 coarsen threshold 460 Card regions per heap region 1 cards per card region 4096
 CPUs: 4 total, 4 available
 Memory: 16214M
 Large Page Support: Disabled
 NUMA Support: Disabled
 Compressed Oops: Enabled (Zero based)
 Heap Region Size: 2M
 Heap Min Capacity: 8M
 Heap Initial Capacity: 256M
 Heap Max Capacity: 4056M
 Pre-touch: Disabled
 Parallel Workers: 4
 Concurrent Workers: 1
 Concurrent Refinement Workers: 4
 Periodic GC: Disabled
Heap:
 garbage-first heap   total 49152K, used 22195K [0x0000000702800000, 0x0000000800000000)
  region size 2048K, 4 young (8192K), 2 survivors (4096K)
 Metaspace       used 76813K, committed 77504K, reserved 1179648K
  class space    used 7046K, committed 7360K, reserved 1048576K
GC Heap History (20 events):
Event: 1.884 GC heap before
{Heap before GC invocations=2 (full 0):
 garbage-first heap   total 264192K, used 35158K [0x0000000702800000, 0x0000000800000000)
  region size 2048K, 16 young (32768K), 1 survivors (2048K)
 Metaspace       used 11547K, committed 11712K, reserved 1114112K
  class space    used 1394K, committed 1472K, reserved 1048576K
}
Event: 1.887 GC heap after
{Heap after GC invocations=3 (full 0):
 garbage-first heap   total 264192K, used 6479K [0x0000000702800000, 0x0000000800000000)
  region size 2048K, 2 young (4096K), 2 survivors (4096K)
 Metaspace       used 11547K, committed 11712K, reserved 1114112K
  class space    used 1394K, committed 1472K, reserved 1048576K
}
Event: 3.394 GC heap before
{Heap before GC invocations=3 (full 0):
 garbage-first heap   total 264192K, used 63823K [0x0000000702800000, 0x0000000800000000)
  region size 2048K, 32 young (65536K), 2 survivors (4096K)
 Metaspace       used 21281K, committed 21504K, reserved 1114112K
  class space    used 2133K, committed 2240K, reserved 1048576K
}
Event: 3.402 GC heap after
{Heap after GC invocations=4 (full 0):
 garbage-first heap   total 264192K, used 11369K [0x0000000702800000, 0x0000000800000000)
  region size 2048K, 4 young (8192K), 4 survivors (8192K)
 Metaspace       used 21281K, committed 21504K, reserved 1114112K
  class space    used 2133K, committed 2240K, reserved 1048576K
}
Event: 4.217 GC heap before
{Heap before GC invocations=5 (full 0):
 garbage-first heap   total 49152K, used 31849K [0x0000000702800000, 0x0000000800000000)
  region size 2048K, 14 young (28672K), 4 survivors (8192K)
 Metaspace       used 33908K, committed 34240K, reserved 1114112K
  class space    used 3035K, committed 3200K, reserved 1048576K
}
Event: 4.227 GC heap after
{Heap after GC invocations=6 (full 0):
 garbage-first heap   total 49152K, used 12619K [0x0000000702800000, 0x0000000800000000)
  region size 2048K, 1 young (2048K), 1 survivors (2048K)
 Metaspace       used 33908K, committed 34240K, reserved 1114112K
  class space    used 3035K, committed 3200K, reserved 1048576K
}
Event: 4.474 GC heap before
{Heap before GC invocations=6 (full 0):
 garbage-first heap   total 49152K, used 14667K [0x0000000702800000, 0x0000000800000000)
  region size 2048K, 4 young (8192K), 1 survivors (2048K)
 Metaspace       used 36133K, committed 36480K, reserved 1114112K
  class space    used 3285K, committed 3456K, reserved 1048576K
}
Event: 4.479 GC heap after
{Heap after GC invocations=7 (full 0):
 garbage-first heap   total 49152K, used 13047K [0x0000000702800000, 0x0000000800000000)
  region size 2048K, 1 young (2048K), 1 survivors (2048K)
 Metaspace       used 36133K, committed 36480K, reserved 1114112K
  class space    used 3285K, committed 3456K, reserved 1048576K
}
Event: 4.496 GC heap before
{Heap before GC invocations=7 (full 0):
 garbage-first heap   total 49152K, used 13047K [0x0000000702800000, 0x0000000800000000)
  region size 2048K, 2 young (4096K), 1 survivors (2048K)
 Metaspace       used 36417K, committed 36800K, reserved 1114112K
  class space    used 3316K, committed 3520K, reserved 1048576K
}
Event: 4.499 GC heap after
{Heap after GC invocations=8 (full 0):
 garbage-first heap   total 155648K, used 12833K [0x0000000702800000, 0x0000000800000000)
  region size 2048K, 1 young (2048K), 1 survivors (2048K)
 Metaspace       used 36417K, committed 36800K, reserved 1114112K
  class space    used 3316K, committed 3520K, reserved 1048576K
}
Event: 5.239 GC heap before
{Heap before GC invocations=9 (full 0):
 garbage-first heap   total 49152K, used 39457K [0x0000000702800000, 0x0000000800000000)
  region size 2048K, 14 young (28672K), 1 survivors (2048K)
 Metaspace       used 44290K, committed 44800K, reserved 1114112K
  class space    used 4243K, committed 4480K, reserved 1048576K
}
Event: 5.244 GC heap after
{Heap after GC invocations=10 (full 0):
 garbage-first heap   total 49152K, used 14230K [0x0000000702800000, 0x0000000800000000)
  region size 2048K, 2 young (4096K), 2 survivors (4096K)
 Metaspace       used 44290K, committed 44800K, reserved 1114112K
  class space    used 4243K, committed 4480K, reserved 1048576K
}
Event: 9.410 GC heap before
{Heap before GC invocations=10 (full 0):
 garbage-first heap   total 49152K, used 38806K [0x0000000702800000, 0x0000000800000000)
  region size 2048K, 14 young (28672K), 2 survivors (4096K)
 Metaspace       used 45913K, committed 46464K, reserved 1114112K
  class space    used 4375K, committed 4608K, reserved 1048576K
}
Event: 9.417 GC heap after
{Heap after GC invocations=11 (full 0):
 garbage-first heap   total 49152K, used 14596K [0x0000000702800000, 0x0000000800000000)
  region size 2048K, 2 young (4096K), 2 survivors (4096K)
 Metaspace       used 45913K, committed 46464K, reserved 1114112K
  class space    used 4375K, committed 4608K, reserved 1048576K
}
Event: 10.047 GC heap before
{Heap before GC invocations=11 (full 0):
 garbage-first heap   total 49152K, used 37124K [0x0000000702800000, 0x0000000800000000)
  region size 2048K, 14 young (28672K), 2 survivors (4096K)
 Metaspace       used 57370K, committed 57984K, reserved 1114112K
  class space    used 4977K, committed 5248K, reserved 1048576K
}
Event: 10.052 GC heap after
{Heap after GC invocations=12 (full 0):
 garbage-first heap   total 49152K, used 16270K [0x0000000702800000, 0x0000000800000000)
  region size 2048K, 2 young (4096K), 2 survivors (4096K)
 Metaspace       used 57370K, committed 57984K, reserved 1114112K
  class space    used 4977K, committed 5248K, reserved 1048576K
}
Event: 10.382 GC heap before
{Heap before GC invocations=12 (full 0):
 garbage-first heap   total 49152K, used 26510K [0x0000000702800000, 0x0000000800000000)
  region size 2048K, 8 young (16384K), 2 survivors (4096K)
 Metaspace       used 61790K, committed 62336K, reserved 1114112K
  class space    used 5478K, committed 5696K, reserved 1048576K
}
Event: 10.385 GC heap after
{Heap after GC invocations=13 (full 0):
 garbage-first heap   total 49152K, used 16902K [0x0000000702800000, 0x0000000800000000)
  region size 2048K, 2 young (4096K), 2 survivors (4096K)
 Metaspace       used 61790K, committed 62336K, reserved 1114112K
  class space    used 5478K, committed 5696K, reserved 1048576K
}
Event: 14.536 GC heap before
{Heap before GC invocations=14 (full 0):
 garbage-first heap   total 49152K, used 39430K [0x0000000702800000, 0x0000000800000000)
  region size 2048K, 13 young (26624K), 2 survivors (4096K)
 Metaspace       used 75939K, committed 76608K, reserved 1179648K
  class space    used 6947K, committed 7232K, reserved 1048576K
}
Event: 14.541 GC heap after
{Heap after GC invocations=15 (full 0):
 garbage-first heap   total 49152K, used 20147K [0x0000000702800000, 0x0000000800000000)
  region size 2048K, 2 young (4096K), 2 survivors (4096K)
 Metaspace       used 75939K, committed 76608K, reserved 1179648K
  class space    used 6947K, committed 7232K, reserved 1048576K
}

